<?xml version="1.0" encoding="UTF-8"?>
<!-- Generated by org.testng.reporters.JUnitXMLReporter -->
<testsuite ignored="7" hostname="DESKTOP-SQUR7HE" failures="0" tests="5" name="Test" time="0.034" errors="0" timestamp="2023-12-04T18:01:06 IST">
  <testcase classname="com.testng.GroupTestDemo" name="blue1" time="0.005"/>
  <testcase classname="com.testng.GroupTestDemo" name="blue2" time="0.001"/>
  <testcase classname="com.testng.GroupTestDemo" name="blue3" time="0.0"/>
  <testcase classname="com.testng.GroupTestDemo" name="blue_green" time="0.0"/>
  <testcase classname="com.testng.GroupTestDemo" name="blue_red" time="0.0"/>
  <testcase classname="com.testng.GroupTestDemo" name="red3" time="0.0">
    <ignored/>
  </testcase> <!-- red3 -->
  <testcase classname="com.testng.GroupTestDemo" name="red1" time="0.0">
    <ignored/>
  </testcase> <!-- red1 -->
  <testcase classname="com.testng.GroupTestDemo" name="green2" time="0.0">
    <ignored/>
  </testcase> <!-- green2 -->
  <testcase classname="com.testng.GroupTestDemo" name="red2" time="0.0">
    <ignored/>
  </testcase> <!-- red2 -->
  <testcase classname="com.testng.GroupTestDemo" name="green3" time="0.0">
    <ignored/>
  </testcase> <!-- green3 -->
  <testcase classname="com.testng.GroupTestDemo" name="green1" time="0.0">
    <ignored/>
  </testcase> <!-- green1 -->
  <testcase classname="com.testng.GroupTestDemo" name="green_red" time="0.0">
    <ignored/>
  </testcase> <!-- green_red -->
</testsuite> <!-- Test -->
