<?xml version="1.0" encoding="UTF-8"?>
<!-- Generated by org.testng.reporters.JUnitXMLReporter -->
<testsuite ignored="0" hostname="DESKTOP-SQUR7HE" failures="0" tests="6" name="Default test" time="17.58" errors="0" timestamp="2023-12-11T18:16:59 IST">
  <testcase classname="com.framework.DataDriverFW" name="test" time="3.447"/>
  <testcase classname="com.framework.DataDriverFW" name="test" time="5.987"/>
  <testcase classname="com.framework.DataDriverFW" name="test" time="2.111"/>
  <testcase classname="com.framework.DataDriverFW" name="test" time="2.073"/>
  <testcase classname="com.framework.DataDriverFW" name="test" time="3.109"/>
  <testcase classname="com.framework.DataDriverFW" name="test" time="0.082"/>
</testsuite> <!-- Default test -->
