<?xml version="1.0" encoding="UTF-8"?>
<testng-results ignored="0" total="1" passed="1" failed="0" skipped="0">
  <reporter-output>
  </reporter-output>
  <suite started-at="2023-12-06T17:57:45 IST" name="Default suite" finished-at="2023-12-06T17:59:09 IST" duration-ms="84015">
    <groups>
    </groups>
    <test started-at="2023-12-06T17:57:45 IST" name="Default test" finished-at="2023-12-06T17:59:09 IST" duration-ms="84015">
      <class name="com.framework.DataDriverFW">
        <test-method signature="test()[pri:0, instance:com.framework.DataDriverFW@5ae50ce6]" started-at="2023-12-06T17:57:45 IST" name="test" finished-at="2023-12-06T17:59:09 IST" duration-ms="83983" status="PASS">
          <reporter-output>
          </reporter-output>
        </test-method> <!-- test -->
      </class> <!-- com.framework.DataDriverFW -->
    </test> <!-- Default test -->
  </suite> <!-- Default suite -->
</testng-results>
