<?xml version="1.0" encoding="UTF-8"?>
<testng-results ignored="0" total="6" passed="6" failed="0" skipped="0">
  <reporter-output>
  </reporter-output>
  <suite started-at="2023-12-11T18:16:41 IST" name="Default suite" finished-at="2023-12-11T18:16:59 IST" duration-ms="17580">
    <groups>
    </groups>
    <test started-at="2023-12-11T18:16:41 IST" name="Default test" finished-at="2023-12-11T18:16:59 IST" duration-ms="17580">
      <class name="com.framework.DataDriverFW">
        <test-method signature="test(java.lang.String,java.lang.String)[pri:0, instance:com.framework.DataDriverFW@cd3fee8]" started-at="2023-12-11T18:16:42 IST" name="test" data-provider="jigar" finished-at="2023-12-11T18:16:46 IST" duration-ms="3447" status="PASS">
          <params>
            <param index="0">
              <value>
                <![CDATA[open browser]]>
              </value>
            </param>
            <param index="1">
              <value>
                <![CDATA[null]]>
              </value>
            </param>
          </params>
          <reporter-output>
          </reporter-output>
        </test-method> <!-- test -->
        <test-method signature="test(java.lang.String,java.lang.String)[pri:0, instance:com.framework.DataDriverFW@cd3fee8]" started-at="2023-12-11T18:16:46 IST" name="test" data-provider="jigar" finished-at="2023-12-11T18:16:52 IST" duration-ms="5987" status="PASS">
          <params>
            <param index="0">
              <value>
                <![CDATA[enter url]]>
              </value>
            </param>
            <param index="1">
              <value>
                <![CDATA[https://www.saucedemo.com/]]>
              </value>
            </param>
          </params>
          <reporter-output>
          </reporter-output>
        </test-method> <!-- test -->
        <test-method signature="test(java.lang.String,java.lang.String)[pri:0, instance:com.framework.DataDriverFW@cd3fee8]" started-at="2023-12-11T18:16:52 IST" name="test" data-provider="jigar" finished-at="2023-12-11T18:16:54 IST" duration-ms="2111" status="PASS">
          <params>
            <param index="0">
              <value>
                <![CDATA[enter username]]>
              </value>
            </param>
            <param index="1">
              <value>
                <![CDATA[standard_user]]>
              </value>
            </param>
          </params>
          <reporter-output>
          </reporter-output>
        </test-method> <!-- test -->
        <test-method signature="test(java.lang.String,java.lang.String)[pri:0, instance:com.framework.DataDriverFW@cd3fee8]" started-at="2023-12-11T18:16:54 IST" name="test" data-provider="jigar" finished-at="2023-12-11T18:16:56 IST" duration-ms="2073" status="PASS">
          <params>
            <param index="0">
              <value>
                <![CDATA[enter password]]>
              </value>
            </param>
            <param index="1">
              <value>
                <![CDATA[secret_sauce]]>
              </value>
            </param>
          </params>
          <reporter-output>
          </reporter-output>
        </test-method> <!-- test -->
        <test-method signature="test(java.lang.String,java.lang.String)[pri:0, instance:com.framework.DataDriverFW@cd3fee8]" started-at="2023-12-11T18:16:56 IST" name="test" data-provider="jigar" finished-at="2023-12-11T18:16:59 IST" duration-ms="3109" status="PASS">
          <params>
            <param index="0">
              <value>
                <![CDATA[click login]]>
              </value>
            </param>
            <param index="1">
              <value>
                <![CDATA[null]]>
              </value>
            </param>
          </params>
          <reporter-output>
          </reporter-output>
        </test-method> <!-- test -->
        <test-method signature="test(java.lang.String,java.lang.String)[pri:0, instance:com.framework.DataDriverFW@cd3fee8]" started-at="2023-12-11T18:16:59 IST" name="test" data-provider="jigar" finished-at="2023-12-11T18:16:59 IST" duration-ms="82" status="PASS">
          <params>
            <param index="0">
              <value>
                <![CDATA[close browser]]>
              </value>
            </param>
            <param index="1">
              <value>
                <![CDATA[null]]>
              </value>
            </param>
          </params>
          <reporter-output>
          </reporter-output>
        </test-method> <!-- test -->
      </class> <!-- com.framework.DataDriverFW -->
    </test> <!-- Default test -->
  </suite> <!-- Default suite -->
</testng-results>
